<?xml version="1.0" encoding="UTF-8"?>
<!-- Generated by org.testng.reporters.JUnitReportReporter -->
<testsuite hostname="PC-MBENSAID1" name="gerer_les_questions.Supp_question_utilise_echec" tests="1" failures="0" timestamp="19 Mar 2019 13:54:20 GMT" time="8.565" errors="0">
  <testcase name="deleteDegreeFail" time="8.565" classname="gerer_les_questions.Supp_question_utilise_echec"/>
</testsuite> <!-- gerer_les_questions.Supp_question_utilise_echec -->
