<?xml version="1.0" encoding="UTF-8"?>
<!-- Generated by org.testng.reporters.JUnitReportReporter -->
<testsuite hostname="PC-MBENSAID1" name="gerer_les_technologies.Ajouter_champs_vide_echec" tests="1" failures="0" timestamp="13 Mar 2019 12:33:12 GMT" time="1.803" errors="0">
  <testcase name="addEmptyTechnology" time="1.803" classname="gerer_les_technologies.Ajouter_champs_vide_echec"/>
</testsuite> <!-- gerer_les_technologies.Ajouter_champs_vide_echec -->
