<?xml version="1.0" encoding="UTF-8"?>
<!-- Generated by org.testng.reporters.JUnitReportReporter -->
<testsuite hostname="PC-MBENSAID1" name="gerer_les_questions.Chercher_une_question_succes" tests="1" failures="0" timestamp="22 Mar 2019 09:42:15 GMT" time="58.963" errors="0">
  <testcase name="searchQuestion" time="58.963" classname="gerer_les_questions.Chercher_une_question_succes"/>
</testsuite> <!-- gerer_les_questions.Chercher_une_question_succes -->
