<?xml version="1.0" encoding="UTF-8"?>
<!-- Generated by org.testng.reporters.JUnitReportReporter -->
<testsuite hostname="PC-MBENSAID1" name="gerer_les_QCM.Cloner_question_au_moins_deux_propositions_echec" tests="1" failures="0" timestamp="21 Mar 2019 10:06:22 GMT" time="8.760" errors="0">
  <testcase name="UpdateQuestionMinimumTwoPropositions" time="8.760" classname="gerer_les_QCM.Cloner_question_au_moins_deux_propositions_echec"/>
</testsuite> <!-- gerer_les_QCM.Cloner_question_au_moins_deux_propositions_echec -->
