<?xml version="1.0" encoding="UTF-8"?>
<!-- Generated by org.testng.reporters.JUnitReportReporter -->
<testsuite hostname="PC-MBENSAID1" name="gerer_les_technologies.Pagination_de_la_liste_des_technologies_succes" tests="1" failures="0" timestamp="13 Mar 2019 08:37:27 GMT" time="1.279" errors="0">
  <testcase name="paginateListTechnologies" time="1.279" classname="gerer_les_technologies.Pagination_de_la_liste_des_technologies_succes"/>
</testsuite> <!-- gerer_les_technologies.Pagination_de_la_liste_des_technologies_succes -->
