<?xml version="1.0" encoding="UTF-8"?>
<!-- Generated by org.testng.reporters.JUnitReportReporter -->
<testsuite hostname="PC-MBENSAID1" name="gerer_les_QCM.Cloner_une_question_succes" tests="1" failures="0" timestamp="21 Mar 2019 10:00:43 GMT" time="18.158" errors="0">
  <testcase name="cloneQuestion" time="18.158" classname="gerer_les_QCM.Cloner_une_question_succes"/>
</testsuite> <!-- gerer_les_QCM.Cloner_une_question_succes -->
