<?xml version="1.0" encoding="UTF-8"?>
<!-- Generated by org.testng.reporters.JUnitReportReporter -->
<testsuite hostname="PC-MBENSAID1" name="gerer_les_QCM.Ajouter_une_nouvelle_question_succes" tests="1" failures="0" timestamp="21 Mar 2019 09:45:53 GMT" time="20.830" errors="0">
  <testcase name="addQuestion" time="20.830" classname="gerer_les_QCM.Ajouter_une_nouvelle_question_succes"/>
</testsuite> <!-- gerer_les_QCM.Ajouter_une_nouvelle_question_succes -->
