<?xml version="1.0" encoding="UTF-8"?>
<!-- Generated by org.testng.reporters.JUnitReportReporter -->
<testsuite hostname="PC-MBENSAID1" name="gerer_les_QCM.Chercher_un_QCM_succes" tests="1" failures="0" timestamp="22 Mar 2019 10:48:13 GMT" time="54.355" errors="0">
  <testcase name="searchQuiz" time="54.355" classname="gerer_les_QCM.Chercher_un_QCM_succes"/>
</testsuite> <!-- gerer_les_QCM.Chercher_un_QCM_succes -->
