<?xml version="1.0" encoding="UTF-8"?>
<!-- Generated by org.testng.reporters.JUnitReportReporter -->
<testsuite hostname="PC-MBENSAID1" name="gerer_les_questions.Modifier_une_question_succes" tests="1" failures="0" timestamp="19 Mar 2019 16:31:20 GMT" time="13.528" errors="0">
  <testcase name="updateQuestion" time="13.528" classname="gerer_les_questions.Modifier_une_question_succes"/>
</testsuite> <!-- gerer_les_questions.Modifier_une_question_succes -->
