<?xml version="1.0" encoding="UTF-8"?>
<!-- Generated by org.testng.reporters.JUnitReportReporter -->
<testsuite hostname="PC-MBENSAID1" name="gerer_les_QCM.Ajouter_un_QCM_succes" tests="1" failures="0" timestamp="21 Mar 2019 14:49:52 GMT" time="11.112" errors="0">
  <testcase name="addQuiz" time="11.112" classname="gerer_les_QCM.Ajouter_un_QCM_succes"/>
</testsuite> <!-- gerer_les_QCM.Ajouter_un_QCM_succes -->
