<?xml version="1.0" encoding="UTF-8"?>
<!-- Generated by org.testng.reporters.JUnitReportReporter -->
<testsuite hostname="PC-MBENSAID1" name="gerer_les_questions.Ajout_champs_vide_echec" tests="1" failures="0" timestamp="19 Mar 2019 10:42:36 GMT" time="3.748" errors="0">
  <testcase name="addQuestionEmptyFields" time="3.748" classname="gerer_les_questions.Ajout_champs_vide_echec"/>
</testsuite> <!-- gerer_les_questions.Ajout_champs_vide_echec -->
