<?xml version="1.0" encoding="UTF-8"?>
<!-- Generated by org.testng.reporters.JUnitReportReporter -->
<testsuite hostname="PC-MBENSAID1" name="gerer_les_questions.Supprimer_une_question_succes" tests="1" failures="0" timestamp="18 Mar 2019 09:47:47 GMT" time="27.522" errors="0">
  <testcase name="deleteQuestion" time="27.522" classname="gerer_les_questions.Supprimer_une_question_succes"/>
</testsuite> <!-- gerer_les_questions.Supprimer_une_question_succes -->
