<?xml version="1.0" encoding="UTF-8"?>
<!-- Generated by org.testng.reporters.JUnitReportReporter -->
<testsuite hostname="PC-MBENSAID1" name="gerer_les_activites.Modifier_une_activité_succes" tests="1" failures="0" timestamp="13 Mar 2019 10:21:19 GMT" time="2.877" errors="0">
  <testcase name="openAddModal" time="2.877" classname="gerer_les_activites.Modifier_une_activité_succes"/>
</testsuite> <!-- gerer_les_activites.Modifier_une_activité_succes -->
