<?xml version="1.0" encoding="UTF-8"?>
<!-- Generated by org.testng.reporters.JUnitReportReporter -->
<testsuite hostname="PC-MBENSAID1" name="gerer_les_activites.Supprimer_une_activite_succes" tests="1" failures="0" timestamp="13 Mar 2019 12:26:53 GMT" time="1.395" errors="0">
  <testcase name="deleteActivity" time="1.395" classname="gerer_les_activites.Supprimer_une_activite_succes"/>
</testsuite> <!-- gerer_les_activites.Supprimer_une_activite_succes -->
