<?xml version="1.0" encoding="UTF-8"?>
<!-- Generated by org.testng.reporters.JUnitReportReporter -->
<testsuite hostname="PC-MBENSAID1" name="gerer_les_questions.Ajouter_une_question_succes" tests="1" failures="0" timestamp="19 Mar 2019 16:30:50 GMT" time="18.864" errors="0">
  <testcase name="addQuestion" time="18.864" classname="gerer_les_questions.Ajouter_une_question_succes"/>
</testsuite> <!-- gerer_les_questions.Ajouter_une_question_succes -->
