<?xml version="1.0" encoding="UTF-8"?>
<!-- Generated by org.testng.reporters.JUnitReportReporter -->
<testsuite hostname="PC-MBENSAID1" name="gerer_les_questions.Ajout_question_au_moins_deux_propositions_echec" tests="1" failures="0" timestamp="19 Mar 2019 08:44:37 GMT" time="6.098" errors="0">
  <testcase name="addQuestion" time="6.098" classname="gerer_les_questions.Ajout_question_au_moins_deux_propositions_echec"/>
</testsuite> <!-- gerer_les_questions.Ajout_question_au_moins_deux_propositions_echec -->
