<?xml version="1.0" encoding="UTF-8"?>
<!-- Generated by org.testng.reporters.JUnitReportReporter -->
<testsuite hostname="PC-MBENSAID1" name="gerer_les_QCM.Modifier_un_QCM_succes" tests="1" failures="0" timestamp="21 Mar 2019 10:47:36 GMT" time="21.825" errors="0">
  <testcase name="updateQuiz" time="21.825" classname="gerer_les_QCM.Modifier_un_QCM_succes"/>
</testsuite> <!-- gerer_les_QCM.Modifier_un_QCM_succes -->
