<?xml version="1.0" encoding="UTF-8"?>
<!-- Generated by org.testng.reporters.JUnitReportReporter -->
<testsuite hostname="PC-MBENSAID1" name="gerer_les_QCM.Ajouter_question_au_moins_deux_propositions_echec" tests="1" failures="0" timestamp="19 Mar 2019 16:17:50 GMT" time="9.080" errors="0">
  <testcase name="addQuestionMinimumTwoPropositions" time="9.080" classname="gerer_les_QCM.Ajouter_question_au_moins_deux_propositions_echec"/>
</testsuite> <!-- gerer_les_QCM.Ajouter_question_au_moins_deux_propositions_echec -->
