<?xml version="1.0" encoding="UTF-8"?>
<!-- Generated by org.testng.reporters.JUnitReportReporter -->
<testsuite hostname="PC-MBENSAID1" name="gerer_les_technologies.Supprimer_une_technologie_succes" tests="1" failures="0" timestamp="13 Mar 2019 12:09:02 GMT" time="15.773" errors="0">
  <testcase name="deleteTechnology" time="15.773" classname="gerer_les_technologies.Supprimer_une_technologie_succes"/>
</testsuite> <!-- gerer_les_technologies.Supprimer_une_technologie_succes -->
